2025-02-22 14:27:13 - Starting update at 2025-02-22 14:27:13
2025-02-22 14:27:15 - Found 9 listings to check
2025-02-22 14:28:12 - No new listings found
2025-02-22 14:34:44 - Starting update at 2025-02-22 14:34:44
2025-02-22 14:34:44 - Found 9 listings to check
2025-02-22 14:35:43 - No new listings found
2025-02-22 14:37:06 - Starting update at 2025-02-22 14:37:06
2025-02-22 14:37:08 - Found 9 listings to check
2025-02-22 14:38:01 - No new listings found
2025-02-22 14:44:22 - Starting update at 2025-02-22 14:44:22
2025-02-22 14:44:24 - Found 9 listings to check
2025-02-22 14:45:24 - No new listings found
2025-02-22 14:51:49 - Starting update at 2025-02-22 14:51:49
2025-02-22 14:51:50 - Found 9 listings to check
2025-02-22 14:52:32 - Added new listing: Florence Nightingalestr 158
2025-02-22 14:52:43 - Removed duplicates. Database size: 3316 → 3316
2025-02-22 14:52:43 - Added 1 new listings to database
2025-02-22 14:58:57 - Starting update at 2025-02-22 14:58:57
2025-02-22 14:58:58 - Found 9 listings to check
2025-02-22 14:59:55 - No new listings found
